----------------------------------------------------------------
2008-07-17 13:50:03.376 GMT:
 Booting Derby version The Apache Software Foundation - Apache Derby - 10.4.1.3 - (648739): instance a816c00e-011b-3148-dbde-00000009d548
on database directory /w1/apache/release/camel/components/camel-jcr/target/repository/version/db  

Database Class Loader started - derby.database.classpath=''
----------------------------------------------------------------
2008-07-17 13:50:05.798 GMT:
 Booting Derby version The Apache Software Foundation - Apache Derby - 10.4.1.3 - (648739): instance 109f00b9-011b-3148-dbde-00000009d548
on database directory /w1/apache/release/camel/components/camel-jcr/target/repository/workspaces/default/db  

Database Class Loader started - derby.database.classpath=''

2008-07-17 13:50:07.957 GMT:
Shutting down instance 109f00b9-011b-3148-dbde-00000009d548
----------------------------------------------------------------

2008-07-17 13:50:08.011 GMT:
Shutting down instance a816c00e-011b-3148-dbde-00000009d548
----------------------------------------------------------------
----------------------------------------------------------------
2008-07-17 13:50:08.129 GMT:
 Booting Derby version The Apache Software Foundation - Apache Derby - 10.4.1.3 - (648739): instance 15b58164-011b-3148-dbde-00000009d548
on database directory /w1/apache/release/camel/components/camel-jcr/target/repository/version/db  

Database Class Loader started - derby.database.classpath=''
----------------------------------------------------------------
2008-07-17 13:50:08.372 GMT:
 Booting Derby version The Apache Software Foundation - Apache Derby - 10.4.1.3 - (648739): instance 247b4177-011b-3148-dbde-00000009d548
on database directory /w1/apache/release/camel/components/camel-jcr/target/repository/workspaces/default/db  

Database Class Loader started - derby.database.classpath=''

2008-07-17 13:50:08.541 GMT:
Shutting down instance 247b4177-011b-3148-dbde-00000009d548
----------------------------------------------------------------

2008-07-17 13:50:08.551 GMT:
Shutting down instance 15b58164-011b-3148-dbde-00000009d548
----------------------------------------------------------------
